# JRE version: OpenJDK Runtime Environment (11.0.15) (build 11.0.15+0-b2043.56-9505619)
# Java VM: OpenJDK 64-Bit Server VM (11.0.15+0-b2043.56-9505619, mixed mode, tiered, compressed oops, g1 gc, windows-amd64)
Heap:
 garbage-first heap   total 262144K, used 143277K [0x00000000a0000000, 0x0000000100000000)
  region size 1024K, 9 young (9216K), 6 survivors (6144K)
 Metaspace       used 94956K, capacity 98566K, committed 98824K, reserved 1134592K
  class space    used 12352K, capacity 13563K, committed 13568K, reserved 1048576K
GC Heap History (20 events):
Event: 22.627 GC heap before
{Heap before GC invocations=17 (full 0):
 garbage-first heap   total 262144K, used 197548K [0x00000000a0000000, 0x0000000100000000)
  region size 1024K, 97 young (99328K), 14 survivors (14336K)
 Metaspace       used 90175K, capacity 93521K, committed 93576K, reserved 1130496K
  class space    used 11779K, capacity 12914K, committed 12928K, reserved 1048576K
}
Event: 22.646 GC heap after
{Heap after GC invocations=18 (full 0):
 garbage-first heap   total 262144K, used 121344K [0x00000000a0000000, 0x0000000100000000)
  region size 1024K, 8 young (8192K), 8 survivors (8192K)
 Metaspace       used 90175K, capacity 93521K, committed 93576K, reserved 1130496K
  class space    used 11779K, capacity 12914K, committed 12928K, reserved 1048576K
}
Event: 24.646 GC heap before
{Heap before GC invocations=18 (full 0):
 garbage-first heap   total 262144K, used 204288K [0x00000000a0000000, 0x0000000100000000)
  region size 1024K, 88 young (90112K), 8 survivors (8192K)
 Metaspace       used 91667K, capacity 95044K, committed 95368K, reserved 1132544K
  class space    used 11943K, capacity 13085K, committed 13184K, reserved 1048576K
}
Event: 24.667 GC heap after
{Heap after GC invocations=19 (full 0):
 garbage-first heap   total 262144K, used 131883K [0x00000000a0000000, 0x0000000100000000)
  region size 1024K, 11 young (11264K), 11 survivors (11264K)
 Metaspace       used 91667K, capacity 95044K, committed 95368K, reserved 1132544K
  class space    used 11943K, capacity 13085K, committed 13184K, reserved 1048576K
}
Event: 26.421 GC heap before
{Heap before GC invocations=19 (full 0):
 garbage-first heap   total 262144K, used 206635K [0x00000000a0000000, 0x0000000100000000)
  region size 1024K, 84 young (86016K), 11 survivors (11264K)
 Metaspace       used 91671K, capacity 95047K, committed 95368K, reserved 1132544K
  class space    used 11943K, capacity 13085K, committed 13184K, reserved 1048576K
}
Event: 26.431 GC heap after
{Heap after GC invocations=20 (full 0):
 garbage-first heap   total 262144K, used 133385K [0x00000000a0000000, 0x0000000100000000)
  region size 1024K, 2 young (2048K), 2 survivors (2048K)
 Metaspace       used 91671K, capacity 95047K, committed 95368K, reserved 1132544K
  class space    used 11943K, capacity 13085K, committed 13184K, reserved 1048576K
}
Event: 28.156 GC heap before
{Heap before GC invocations=21 (full 0):
 garbage-first heap   total 262144K, used 210185K [0x00000000a0000000, 0x0000000100000000)
  region size 1024K, 78 young (79872K), 2 survivors (2048K)
 Metaspace       used 91643K, capacity 94999K, committed 95368K, reserved 1132544K
  class space    used 11934K, capacity 13069K, committed 13184K, reserved 1048576K
}
Event: 28.158 GC heap after
{Heap after GC invocations=22 (full 0):
 garbage-first heap   total 262144K, used 131218K [0x00000000a0000000, 0x0000000100000000)
  region size 1024K, 1 young (1024K), 1 survivors (1024K)
 Metaspace       used 91643K, capacity 94999K, committed 95368K, reserved 1132544K
  class space    used 11934K, capacity 13069K, committed 13184K, reserved 1048576K
}
Event: 29.893 GC heap before
{Heap before GC invocations=22 (full 0):
 garbage-first heap   total 262144K, used 214162K [0x00000000a0000000, 0x0000000100000000)
  region size 1024K, 82 young (83968K), 1 survivors (1024K)
 Metaspace       used 91818K, capacity 95178K, committed 95368K, reserved 1132544K
  class space    used 11938K, capacity 13076K, committed 13184K, reserved 1048576K
}
Event: 29.895 GC heap after
{Heap after GC invocations=23 (full 0):
 garbage-first heap   total 262144K, used 131271K [0x00000000a0000000, 0x0000000100000000)
  region size 1024K, 1 young (1024K), 1 survivors (1024K)
 Metaspace       used 91818K, capacity 95178K, committed 95368K, reserved 1132544K
  class space    used 11938K, capacity 13076K, committed 13184K, reserved 1048576K
}
Event: 31.632 GC heap before
{Heap before GC invocations=24 (full 0):
 garbage-first heap   total 262144K, used 217287K [0x00000000a0000000, 0x0000000100000000)
  region size 1024K, 85 young (87040K), 1 survivors (1024K)
 Metaspace       used 92178K, capacity 95606K, committed 95880K, reserved 1132544K
  class space    used 11960K, capacity 13121K, committed 13184K, reserved 1048576K
}
Event: 31.635 GC heap after
{Heap after GC invocations=25 (full 0):
 garbage-first heap   total 262144K, used 131336K [0x00000000a0000000, 0x0000000100000000)
  region size 1024K, 1 young (1024K), 1 survivors (1024K)
 Metaspace       used 92178K, capacity 95606K, committed 95880K, reserved 1132544K
  class space    used 11960K, capacity 13121K, committed 13184K, reserved 1048576K
}
Event: 33.313 GC heap before
{Heap before GC invocations=25 (full 0):
 garbage-first heap   total 262144K, used 219400K [0x00000000a0000000, 0x0000000100000000)
  region size 1024K, 87 young (89088K), 1 survivors (1024K)
 Metaspace       used 92179K, capacity 95606K, committed 95880K, reserved 1132544K
  class space    used 11960K, capacity 13121K, committed 13184K, reserved 1048576K
}
Event: 33.315 GC heap after
{Heap after GC invocations=26 (full 0):
 garbage-first heap   total 262144K, used 131282K [0x00000000a0000000, 0x0000000100000000)
  region size 1024K, 1 young (1024K), 1 survivors (1024K)
 Metaspace       used 92179K, capacity 95606K, committed 95880K, reserved 1132544K
  class space    used 11960K, capacity 13121K, committed 13184K, reserved 1048576K
}
Event: 35.012 GC heap before
{Heap before GC invocations=27 (full 0):
 garbage-first heap   total 262144K, used 221394K [0x00000000a0000000, 0x0000000100000000)
  region size 1024K, 89 young (91136K), 1 survivors (1024K)
 Metaspace       used 92179K, capacity 95606K, committed 95880K, reserved 1132544K
  class space    used 11960K, capacity 13121K, committed 13184K, reserved 1048576K
}
Event: 35.014 GC heap after
{Heap after GC invocations=28 (full 0):
 garbage-first heap   total 262144K, used 131257K [0x00000000a0000000, 0x0000000100000000)
  region size 1024K, 1 young (1024K), 1 survivors (1024K)
 Metaspace       used 92179K, capacity 95606K, committed 95880K, reserved 1132544K
  class space    used 11960K, capacity 13121K, committed 13184K, reserved 1048576K
}
Event: 36.056 GC heap before
{Heap before GC invocations=28 (full 0):
 garbage-first heap   total 262144K, used 196793K [0x00000000a0000000, 0x0000000100000000)
  region size 1024K, 66 young (67584K), 1 survivors (1024K)
 Metaspace       used 94143K, capacity 97740K, committed 97928K, reserved 1134592K
  class space    used 12234K, capacity 13416K, committed 13440K, reserved 1048576K
}
Event: 36.070 GC heap after
{Heap after GC invocations=29 (full 0):
 garbage-first heap   total 262144K, used 137147K [0x00000000a0000000, 0x0000000100000000)
  region size 1024K, 7 young (7168K), 7 survivors (7168K)
 Metaspace       used 94143K, capacity 97740K, committed 97928K, reserved 1134592K
  class space    used 12234K, capacity 13416K, committed 13440K, reserved 1048576K
}
Event: 37.241 GC heap before
{Heap before GC invocations=30 (full 0):
 garbage-first heap   total 262144K, used 220091K [0x00000000a0000000, 0x0000000100000000)
  region size 1024K, 86 young (88064K), 7 survivors (7168K)
 Metaspace       used 94788K, capacity 98407K, committed 98568K, reserved 1134592K
  class space    used 12332K, capacity 13551K, committed 13568K, reserved 1048576K
}
Event: 37.255 GC heap after
{Heap after GC invocations=31 (full 0):
 garbage-first heap   total 262144K, used 141229K [0x00000000a0000000, 0x0000000100000000)
  region size 1024K, 6 young (6144K), 6 survivors (6144K)
 Metaspace       used 94788K, capacity 98407K, committed 98568K, reserved 1134592K
  class space    used 12332K, capacity 13551K, committed 13568K, reserved 1048576K
}

